[21:30:29] [ServerMain/INFO]: [bootstrap] Running Java 21 (OpenJDK 64-Bit Server VM 21.0.7+6-Ubuntu-0ubuntu124.04; Ubuntu null) on Linux 6.8.0-1027-azure (amd64)
[21:30:29] [ServerMain/INFO]: [bootstrap] Loading Paper 1.21.5-113-main@ba7fb23 (2025-06-10T23:34:22Z) for Minecraft 1.21.5
[21:30:29] [ServerMain/INFO]: [PluginInitializerManager] Initializing plugins...
[21:30:32] [ServerMain/INFO]: [PluginInitializerManager] Initialized 7 plugins
[21:30:32] [ServerMain/INFO]: [PluginInitializerManager] Bukkit plugins (7):
 - GSit (2.4.0), Geyser-Spigot (2.7.2-SNAPSHOT), SkinsRestorer (15.6.8), ViaBackwards (5.4.0-SNAPSHOT), ViaRewind (4.0.8-SNAPSHOT), ViaVersion (5.4.0-SNAPSHOT), floodgate (2.2.4-SNAPSHOT (b116-0e3163c))
[21:30:38] [ServerMain/INFO]: Environment: Environment[sessionHost=https://sessionserver.mojang.com, servicesHost=https://api.minecraftservices.com, name=PROD]
[21:30:41] [ServerMain/INFO]: Loaded 1373 recipes
[21:30:41] [ServerMain/INFO]: Loaded 1484 advancements
[21:30:41] [Server thread/INFO]: Starting minecraft server version 1.21.5
[21:30:41] [Server thread/INFO]: Loading properties
[21:30:41] [Server thread/INFO]: This server is running Paper version 1.21.5-113-main@ba7fb23 (2025-06-10T23:34:22Z) (Implementing API version 1.21.5-R0.1-SNAPSHOT)
[21:30:41] [Server thread/INFO]: [spark] This server bundles the spark profiler. For more information please visit https://docs.papermc.io/paper/profiling
[21:30:41] [Server thread/INFO]: Server Ping Player Sample Count: 12
[21:30:41] [Server thread/INFO]: Using 4 threads for Netty based IO
[21:30:42] [Server thread/INFO]: [MoonriseCommon] Paper is using 1 worker threads, 1 I/O threads
[21:30:42] [Server thread/INFO]: [ChunkTaskScheduler] Chunk system is using population gen parallelism: true
[21:30:42] [Server thread/INFO]: Default game type: SURVIVAL
[21:30:42] [Server thread/INFO]: Generating keypair
[21:30:43] [Server thread/INFO]: Starting Minecraft server on *:25565
[21:30:43] [Server thread/INFO]: Using epoll channel type
[21:30:44] [Server thread/INFO]: Paper: Using libdeflate (Linux x86_64) compression from Velocity.
[21:30:44] [Server thread/INFO]: Paper: Using OpenSSL 3.x.x (Linux x86_64) cipher from Velocity.
[21:30:45] [Server thread/INFO]: [ViaVersion] Loading server plugin ViaVersion v5.4.0-SNAPSHOT
[21:30:45] [Server thread/INFO]: [ViaVersion] ViaVersion 5.4.0-SNAPSHOT is now loaded. Registering protocol transformers and injecting...
[21:30:46] [Via-Mappingloader-0/INFO]: [ViaVersion] Loading block connection mappings ...
[21:30:46] [Via-Mappingloader-0/INFO]: [ViaVersion] Using FastUtil Long2ObjectOpenHashMap for block connections
[21:30:47] [Server thread/INFO]: [ViaBackwards] Loading translations...
[21:30:47] [Server thread/INFO]: [ViaBackwards] Registering protocols...
[21:30:47] [Server thread/INFO]: [ViaRewind] Registering protocols...
[21:30:47] [Server thread/INFO]: [floodgate] Loading server plugin floodgate v2.2.4-SNAPSHOT (b116-0e3163c)
[21:30:48] [Server thread/WARN]: [floodgate] en_ is not a supported Floodgate language.
[21:30:48] [Server thread/INFO]: [floodgate] Took 1,018ms to boot Floodgate
[21:30:48] [Server thread/INFO]: [ViaBackwards] Loading server plugin ViaBackwards v5.4.0-SNAPSHOT
[21:30:48] [Server thread/INFO]: [GSit] Loading server plugin GSit v2.4.0
[21:30:49] [Server thread/INFO]: [Geyser-Spigot] Loading server plugin Geyser-Spigot v2.7.2-SNAPSHOT
[21:30:50] [Server thread/INFO]: [Geyser-Spigot] Loading extensions...
[21:30:50] [Server thread/INFO]: [Geyser-Spigot] Loaded 0 extension(s)
[21:30:50] [Server thread/INFO]: [ViaRewind] Loading server plugin ViaRewind v4.0.8-SNAPSHOT
[21:30:50] [Server thread/INFO]: [SkinsRestorer] Loading server plugin SkinsRestorer v15.6.8
[21:30:50] [Server thread/INFO]: Server permissions file permissions.yml is empty, ignoring it
[21:30:50] [Server thread/INFO]: [ViaRewind] Enabling ViaRewind v4.0.8-SNAPSHOT
[21:30:50] [Server thread/INFO]: [SkinsRestorer] Enabling SkinsRestorer v15.6.8
[21:30:52] [Server thread/ERROR]: [SkinsRestorer] Your Minecraft version (7ecad754373a5fbc43d381d7450c53a5) is not supported by this version of SkinsRestorer! Is there a newer version available? If not, join our discord server!
[21:30:52] [Server thread/INFO]: [SkinsRestorer] Running on Minecraft 1.21.5.
[21:30:52] [Server thread/INFO]: [SkinsRestorer] Floodgate skin listener registered
[21:30:52] [Server thread/INFO]: [SkinsRestorer] Using paper join listener!
[21:30:52] [Server thread/WARN]: **** SERVER IS RUNNING IN OFFLINE/INSECURE MODE!
[21:30:52] [Server thread/WARN]: The server will make no attempt to authenticate usernames. Beware.
[21:30:52] [Server thread/WARN]: While this makes the game possible to play without internet access, it also opens up the ability for hackers to connect with any username they choose.
[21:30:52] [Server thread/WARN]: To change this, set "online-mode" to "true" in the server.properties file.
[21:30:52] [Server thread/INFO]: Preparing level "world"
[21:30:52] [Folia Async Scheduler Thread #1/INFO]: [SkinsRestorer] ----------------------------------------------
[21:30:52] [Folia Async Scheduler Thread #1/INFO]: [SkinsRestorer]     +==================+
[21:30:52] [Folia Async Scheduler Thread #1/INFO]: [SkinsRestorer]     |   SkinsRestorer  |
[21:30:52] [Folia Async Scheduler Thread #1/INFO]: [SkinsRestorer]     |------------------|
[21:30:52] [Folia Async Scheduler Thread #1/INFO]: [SkinsRestorer]     |  Standalone Mode |
[21:30:52] [Folia Async Scheduler Thread #1/INFO]: [SkinsRestorer]     +==================+
[21:30:52] [Folia Async Scheduler Thread #1/INFO]: [SkinsRestorer] ----------------------------------------------
[21:30:52] [Folia Async Scheduler Thread #1/INFO]: [SkinsRestorer]     Version: 15.6.8
[21:30:52] [Folia Async Scheduler Thread #1/INFO]: [SkinsRestorer]     Commit: a5eb6c3
[21:30:52] [Folia Async Scheduler Thread #1/INFO]: [SkinsRestorer]     This is the latest version!
[21:30:52] [Folia Async Scheduler Thread #1/INFO]: [SkinsRestorer] ----------------------------------------------
[21:30:52] [Folia Async Scheduler Thread #1/INFO]: [SkinsRestorer] Do you have issues? Read our troubleshooting guide: https://skinsrestorer.net/docs/troubleshooting
[21:30:52] [Folia Async Scheduler Thread #1/INFO]: [SkinsRestorer] Want to support SkinsRestorer? Consider donating: https://skinsrestorer.net/donate
[21:30:53] [Server thread/INFO]: Preparing start region for dimension minecraft:overworld
[21:30:53] [Server thread/INFO]: Preparing spawn area: 0%
[21:30:53] [Server thread/INFO]: Preparing spawn area: 2%
[21:30:54] [Server thread/INFO]: Preparing spawn area: 4%
[21:30:54] [Server thread/INFO]: Time elapsed: 1276 ms
[21:30:54] [Server thread/INFO]: Preparing start region for dimension minecraft:the_nether
[21:30:54] [Server thread/INFO]: Preparing spawn area: 0%
[21:30:54] [Server thread/INFO]: Time elapsed: 419 ms
[21:30:54] [Server thread/INFO]: [ViaVersion] Enabling ViaVersion v5.4.0-SNAPSHOT
[21:30:54] [Server thread/INFO]: [ViaVersion] ViaVersion detected server version: 1.21.5 (770)
[21:30:55] [Server thread/INFO]: [floodgate] Enabling floodgate v2.2.4-SNAPSHOT (b116-0e3163c)
[21:30:55] [Server thread/INFO]: [ViaBackwards] Enabling ViaBackwards v5.4.0-SNAPSHOT
[21:30:55] [Server thread/INFO]: [GSit] Enabling GSit v2.4.0
[21:30:55] [Server thread/INFO]: [GSit] The plugin was successfully enabled.
[21:30:55] [Server thread/INFO]: [Geyser-Spigot] Enabling Geyser-Spigot v2.7.2-SNAPSHOT
[21:30:56] [Server thread/INFO]: [spark] Starting background profiler...
[21:30:57] [Server thread/INFO]: [Geyser-Spigot] ******************************************
[21:30:57] [Server thread/INFO]: [Geyser-Spigot] 
[21:30:57] [Server thread/INFO]: [Geyser-Spigot] Loading Geyser version 2.7.2-b858 (git-master-5627107)
[21:30:57] [Server thread/INFO]: [Geyser-Spigot] 
[21:30:57] [Server thread/INFO]: [Geyser-Spigot] ******************************************
[21:31:03] [epollEventLoopGroup-3-1/INFO]: [Geyser-Spigot] Started Geyser on UDP port 2563
[21:31:03] [Server thread/INFO]: [Geyser-Spigot] Done (5.866s)! Run /geyser help for help!
[21:31:03] [Server thread/INFO]: Done preparing level "world" (10.794s)
[21:31:03] [Server thread/INFO]: Running delayed init tasks
[21:31:03] [Server thread/INFO]: Done (36.062s)! For help, type "help"
[21:31:03] [Craft Scheduler Thread - 3 - ViaVersion/INFO]: [ViaVersion] Finished mapping loading, shutting down loader executor.
[21:31:03] [Server thread/INFO]: [ViaVersion] You are running a development version of the plugin, please report any bugs to GitHub.
[21:32:57] [User Authenticator #0/INFO]: UUID of player XxClemexX is 426825ea-561e-3c09-80f7-b04c7b8acd0c
[21:32:58] [Server thread/INFO]: XxClemexX joined the game
[21:32:58] [Server thread/INFO]: XxClemexX[/127.125.129.41:51237] logged in with entity id 29 at ([world]-12.408676913730002, 63.0, 10.303729358407706)
[21:36:35] [User Authenticator #1/INFO]: UUID of player WaPapAu19 is bc3552b6-6732-35a1-a44d-1460a804648f
[21:36:37] [Server thread/INFO]: WaPapAu19 joined the game
[21:36:37] [Server thread/INFO]: WaPapAu19[/127.127.60.14:37751] logged in with entity id 964 at ([world]6.5, 69.0, -6.5)
[21:36:45] [Async Chat Thread - #0/INFO]: [Not Secure] <WaPapAu19> hoa
[21:36:48] [Async Chat Thread - #0/INFO]: [Not Secure] <WaPapAu19> hola
[21:36:50] [Async Chat Thread - #0/INFO]: [Not Secure] <XxClemexX> buenas
[21:36:59] [Async Chat Thread - #0/INFO]: [Not Secure] <WaPapAu19> vamos a hablar?
[21:37:00] [Async Chat Thread - #0/INFO]: [Not Secure] <XxClemexX> hay que hablar por disc
[21:37:04] [Async Chat Thread - #0/INFO]: [Not Secure] <WaPapAu19> ok
[21:38:36] [Async Chat Thread - #2/INFO]: [Not Secure] <XxClemexX> metete a mi disc
[21:40:30] [Server thread/INFO]: XxClemexX issued server command: /time set day
[21:40:30] [Server thread/INFO]: [XxClemexX: Set the time to 1000]
[21:41:25] [Server thread/INFO]: WaPapAu19 has made the advancement [Stone Age]
[21:42:08] [Server thread/INFO]: WaPapAu19 has made the advancement [Getting an Upgrade]
[21:42:57] [Server thread/INFO]: XxClemexX has made the advancement [Getting an Upgrade]
[21:44:30] [Server thread/INFO]: WaPapAu19 has made the advancement [Monster Hunter]
[21:44:32] [Server thread/INFO]: XxClemexX lost connection: Disconnected
[21:44:32] [Server thread/INFO]: XxClemexX left the game
[21:46:27] [User Authenticator #2/INFO]: UUID of player Pedrinho08082010 is 4417e01d-690d-3020-b15e-49d9cd099c70
[21:46:28] [Server thread/INFO]: Pedrinho08082010 joined the game
[21:46:28] [Server thread/INFO]: Pedrinho08082010[/127.22.129.45:46749] logged in with entity id 2690 at ([world]5.5, 69.0, 3.5)
[21:46:43] [User Authenticator #2/INFO]: UUID of player XxClemexX is 426825ea-561e-3c09-80f7-b04c7b8acd0c
[21:46:45] [Server thread/INFO]: XxClemexX joined the game
[21:46:45] [Server thread/INFO]: XxClemexX[/127.125.129.41:60207] logged in with entity id 2798 at ([world]-111.2570965079779, 68.0, 54.33425192349063)
[21:46:58] [Server thread/INFO]: XxClemexX issued server command: /spark tps
[21:48:09] [Server thread/INFO]: XxClemexX issued server command: /spark tps
[21:49:25] [Server thread/INFO]: XxClemexX has made the advancement [Stone Age]
